1522140443353	geckodriver	INFO	geckodriver 0.20.0
1522140443357	geckodriver	INFO	Listening on 127.0.0.1:52009
1522140444374	mozrunner::runner	INFO	Running command: "/usr/bin/firefox" "-marionette" "-profile" "/tmp/rust_mozprofile.2lBRp6ZgkClg"
1522140445606	Marionette	INFO	Enabled via --marionette
1522140448824	Marionette	INFO	Listening on port 37805
1522140448886	Marionette	WARN	TLS certificate errors will be ignored for this session
JavaScript error: https://ss1.bdstatic.com/5eN1bjq8AAUYm2zgoY3K/r/www/cache/static/protocol/https/plugins/every_cookie_4644b13.js, line 4: ReferenceError: c is not defined
1522140486414	geckodriver	INFO	geckodriver 0.20.0
1522140486417	geckodriver	INFO	Listening on 127.0.0.1:46553
1522140487425	mozrunner::runner	INFO	Running command: "/usr/bin/firefox" "-marionette" "-profile" "/tmp/rust_mozprofile.jZdQd8FnGnMO"
1522140488136	Marionette	INFO	Enabled via --marionette
JavaScript error: resource://onboarding/onboarding.js, line 18: NS_ERROR_UNEXPECTED: Component returned failure code: 0x8000ffff (NS_ERROR_UNEXPECTED) [nsIStringBundle.GetStringFromName]
1522140490296	Marionette	INFO	Listening on port 43389
1522140490338	Marionette	WARN	TLS certificate errors will be ignored for this session
JavaScript error: https://ss1.bdstatic.com/5eN1bjq8AAUYm2zgoY3K/r/www/cache/static/protocol/https/plugins/every_cookie_4644b13.js, line 4: ReferenceError: c is not defined
JavaScript error: chrome://browser/content/browser.js, line 5321: TypeError: toolbarNodes.filter is not a function
JavaScript error: resource://onboarding/onboarding.js, line 18: NS_ERROR_UNEXPECTED: Component returned failure code: 0x8000ffff (NS_ERROR_UNEXPECTED) [nsIStringBundle.GetStringFromName]
JavaScript error: http://www.cnplugins.com/templets/cnplugins/res/base.js, line 4: TypeError: navcat is null
JavaScript error: https://cdn.sstatic.net/Js/stub.en.js?v=82ecb4a2614e, line 1: ReferenceError: $ is not defined
JavaScript error: https://stackoverflow.com/questions/46039607/selenium-firefox-browser-is-under-remote-control, line 39: TypeError: StackExchange.ready is not a function
JavaScript error: https://cdn.sstatic.net/Js/stub.en.js?v=82ecb4a2614e, line 1: ReferenceError: $ is not defined
JavaScript error: https://stackoverflow.com/questions/46039607/selenium-firefox-browser-is-under-remote-control, line 282: TypeError: StackExchange.ready is not a function
JavaScript error: https://stackoverflow.com/questions/46039607/selenium-firefox-browser-is-under-remote-control, line 296: TypeError: StackExchange.ready is not a function
JavaScript error: https://stackoverflow.com/questions/46039607/selenium-firefox-browser-is-under-remote-control, line 369: TypeError: StackExchange.ready is not a function
JavaScript error: https://stackoverflow.com/questions/46039607/selenium-firefox-browser-is-under-remote-control, line 376: TypeError: StackExchange.ready is not a function
JavaScript error: https://stackoverflow.com/questions/46039607/selenium-firefox-browser-is-under-remote-control, line 637: TypeError: StackExchange.ifUsing is not a function
JavaScript error: https://stackoverflow.com/questions/46039607/selenium-firefox-browser-is-under-remote-control, line 648: TypeError: StackExchange.ready is not a function
JavaScript error: https://stackoverflow.com/questions/46039607/selenium-firefox-browser-is-under-remote-control, line 717: TypeError: StackExchange.ready is not a function
JavaScript error: https://stackoverflow.com/questions/46039607/selenium-firefox-browser-is-under-remote-control, line 758: TypeError: StackExchange.ready is not a function
JavaScript error: https://stackoverflow.com/questions/46039607/selenium-firefox-browser-is-under-remote-control, line 1036: TypeError: StackExchange.ready is not a function
JavaScript error: https://stackoverflow.com/questions/46039607/selenium-firefox-browser-is-under-remote-control, line 1261: TypeError: StackExchange.ready is not a function
1522140640597	geckodriver	INFO	geckodriver 0.20.0
1522140640600	geckodriver	INFO	Listening on 127.0.0.1:60189
1522140641605	mozrunner::runner	INFO	Running command: "/usr/bin/firefox" "-marionette" "-profile" "/tmp/rust_mozprofile.Yu4iDdDYgjYK"
1522140642350	Marionette	INFO	Enabled via --marionette
1522140645072	Marionette	INFO	Listening on port 35695
1522140645118	Marionette	WARN	TLS certificate errors will be ignored for this session
*** UTM:SVC TimerManager:registerTimer called after profile-before-change notification. Ignoring timer registration for id: telemetry_modules_ping
1522140677250	geckodriver	INFO	geckodriver 0.20.0
1522140677253	geckodriver	INFO	Listening on 127.0.0.1:41321
1522140678259	mozrunner::runner	INFO	Running command: "/usr/bin/firefox" "-marionette" "-profile" "/tmp/rust_mozprofile.4sIj5NsWBs2s"
1522140678900	Marionette	INFO	Enabled via --marionette
1522140681268	Marionette	INFO	Listening on port 33103
1522140681378	Marionette	WARN	TLS certificate errors will be ignored for this session
ATTENTION: default value of option force_s3tc_enable overridden by environment.
1522141326038	geckodriver	INFO	geckodriver 0.20.0
1522141326041	geckodriver	INFO	Listening on 127.0.0.1:34419
1522141327047	mozrunner::runner	INFO	Running command: "/usr/bin/firefox" "-marionette" "-profile" "/tmp/rust_mozprofile.ojF0cKJ33bzd"
1522141327694	Marionette	INFO	Enabled via --marionette
1522141329944	Marionette	INFO	Listening on port 41707
1522141329962	Marionette	WARN	TLS certificate errors will be ignored for this session
ATTENTION: default value of option force_s3tc_enable overridden by environment.
1522141371692	geckodriver	INFO	geckodriver 0.20.0
1522141371695	geckodriver	INFO	Listening on 127.0.0.1:52283
1522141372704	mozrunner::runner	INFO	Running command: "/usr/bin/firefox" "-marionette" "-profile" "/tmp/rust_mozprofile.1u6asWIvxKn9"
1522141373806	Marionette	INFO	Enabled via --marionette
1522141376540	Marionette	INFO	Listening on port 42825
1522141376614	Marionette	WARN	TLS certificate errors will be ignored for this session
ATTENTION: default value of option force_s3tc_enable overridden by environment.
JavaScript error: https://g.alicdn.com/vip/login/0.5.64/js/login/nlogin.js?t=20151220, line 1: TypeError: b.cfg.elUserName.focus is not a function
1522141498016	geckodriver	INFO	geckodriver 0.20.0
1522141498020	geckodriver	INFO	Listening on 127.0.0.1:42589
1522141499027	mozrunner::runner	INFO	Running command: "/usr/bin/firefox" "-marionette" "-profile" "/tmp/rust_mozprofile.nRe8oxjoRL3q"
1522141499708	Marionette	INFO	Enabled via --marionette
1522141501938	Marionette	INFO	Listening on port 45337
1522141502044	Marionette	WARN	TLS certificate errors will be ignored for this session
ATTENTION: default value of option force_s3tc_enable overridden by environment.
JavaScript error: https://g.alicdn.com/vip/login/0.5.64/js/login/nlogin.js?t=20151220, line 1: TypeError: b.cfg.elUserName.focus is not a function
1522141538516	geckodriver	INFO	geckodriver 0.20.0
1522141538520	geckodriver	INFO	Listening on 127.0.0.1:40757
1522141539521	mozrunner::runner	INFO	Running command: "/usr/bin/firefox" "-marionette" "-profile" "/tmp/rust_mozprofile.1JWni0G9P5Hp"
1522141540290	Marionette	INFO	Enabled via --marionette
1522141542452	Marionette	INFO	Listening on port 39207
1522141542562	Marionette	WARN	TLS certificate errors will be ignored for this session
ATTENTION: default value of option force_s3tc_enable overridden by environment.
JavaScript error: https://g.alicdn.com/vip/login/0.5.64/js/login/nlogin.js?t=20151220, line 1: TypeError: b.cfg.elUserName.focus is not a function
*** UTM:SVC TimerManager:registerTimer called after profile-before-change notification. Ignoring timer registration for id: telemetry_modules_ping
1522141594675	geckodriver	INFO	geckodriver 0.20.0
1522141594679	geckodriver	INFO	Listening on 127.0.0.1:43577
1522141595685	mozrunner::runner	INFO	Running command: "/usr/bin/firefox" "-marionette" "-profile" "/tmp/rust_mozprofile.C6N7b7GZMGGS"
1522141596348	Marionette	INFO	Enabled via --marionette
1522141598536	Marionette	INFO	Listening on port 34443
1522141598642	Marionette	WARN	TLS certificate errors will be ignored for this session
ATTENTION: default value of option force_s3tc_enable overridden by environment.
JavaScript error: https://g.alicdn.com/vip/login/0.5.64/js/login/nlogin.js?t=20151220, line 1: TypeError: b.cfg.elUserName.focus is not a function
1522141687421	geckodriver	INFO	geckodriver 0.20.0
1522141687425	geckodriver	INFO	Listening on 127.0.0.1:41063
1522141688432	mozrunner::runner	INFO	Running command: "/usr/bin/firefox" "-marionette" "-profile" "/tmp/rust_mozprofile.hJwtfGTEegKH"
1522141689296	Marionette	INFO	Enabled via --marionette
1522141691490	Marionette	INFO	Listening on port 39499
1522141691556	Marionette	WARN	TLS certificate errors will be ignored for this session
ATTENTION: default value of option force_s3tc_enable overridden by environment.
JavaScript error: https://g.alicdn.com/vip/login/0.5.64/js/login/nlogin.js?t=20151220, line 1: TypeError: b.cfg.elUserName.focus is not a function
1522141751239	geckodriver	INFO	geckodriver 0.20.0
1522141751243	geckodriver	INFO	Listening on 127.0.0.1:51201
1522141752247	mozrunner::runner	INFO	Running command: "/usr/bin/firefox" "-marionette" "-profile" "/tmp/rust_mozprofile.2lcrJJ7aiJx5"
1522141752952	Marionette	INFO	Enabled via --marionette
1522141755146	Marionette	INFO	Listening on port 41489
1522141755162	Marionette	WARN	TLS certificate errors will be ignored for this session
ATTENTION: default value of option force_s3tc_enable overridden by environment.
JavaScript error: https://g.alicdn.com/vip/login/0.5.64/js/login/nlogin.js?t=20151220, line 1: TypeError: b.cfg.elUserName.focus is not a function
1522141927188	geckodriver	INFO	geckodriver 0.20.0
1522141927192	geckodriver	INFO	Listening on 127.0.0.1:37611
1522141928199	mozrunner::runner	INFO	Running command: "/usr/bin/firefox" "-marionette" "-profile" "/tmp/rust_mozprofile.jLm8y5BPpJHE"
1522141928940	Marionette	INFO	Enabled via --marionette
1522141931482	Marionette	INFO	Listening on port 37577
1522141931520	Marionette	WARN	TLS certificate errors will be ignored for this session
ATTENTION: default value of option force_s3tc_enable overridden by environment.
JavaScript error: https://g.alicdn.com/vip/login/0.5.64/js/login/nlogin.js?t=20151220, line 1: TypeError: b.cfg.elUserName.focus is not a function
1522141978874	geckodriver	INFO	geckodriver 0.20.0
1522141978878	geckodriver	INFO	Listening on 127.0.0.1:54439
1522141979880	mozrunner::runner	INFO	Running command: "/usr/bin/firefox" "-marionette" "-profile" "/tmp/rust_mozprofile.HISicqy0Vucr"
1522141980562	Marionette	INFO	Enabled via --marionette
1522141982716	Marionette	INFO	Listening on port 35475
1522141982832	Marionette	WARN	TLS certificate errors will be ignored for this session
ATTENTION: default value of option force_s3tc_enable overridden by environment.
JavaScript error: https://g.alicdn.com/vip/login/0.5.64/js/login/nlogin.js?t=20151220, line 1: TypeError: b.cfg.elUserName.focus is not a function
1522142022235	geckodriver	INFO	geckodriver 0.20.0
1522142022238	geckodriver	INFO	Listening on 127.0.0.1:46117
1522142023244	mozrunner::runner	INFO	Running command: "/usr/bin/firefox" "-marionette" "-profile" "/tmp/rust_mozprofile.a2RAXyQT3v16"
1522142023890	Marionette	INFO	Enabled via --marionette
1522142026112	Marionette	INFO	Listening on port 37403
1522142026152	Marionette	WARN	TLS certificate errors will be ignored for this session
ATTENTION: default value of option force_s3tc_enable overridden by environment.
JavaScript error: https://g.alicdn.com/vip/login/0.5.64/js/login/nlogin.js?t=20151220, line 1: TypeError: b.cfg.elUserName.focus is not a function
JavaScript error: https://qrlogin.taobao.com/qrcodelogin/qrcodeLoginCheck.do?lgToken=411e820692e69d0c0be31bcb06950f4f&defaulturl=https%3A%2F%2Fwww.taobao.com%2F&_ksTS=1522142140708_846&callback=jsonp847, line 1: ReferenceError: jsonp847 is not defined
JavaScript error: https://ss1.bdstatic.com/5eN1bjq8AAUYm2zgoY3K/r/www/cache/static/protocol/https/plugins/every_cookie_4644b13.js, line 4: ReferenceError: c is not defined
JavaScript error: https://sp0.baidu.com/5a1Fazu8AA54nxGko9WTAnF6hhy/su?wd=de&json=1&p=3&sid=1463_19033_21096_22157&csor=2&pwd=d&cb=jQuery110205585929074822621_1522142230062&_=1522142230066, line 1: TypeError: jQuery110205585929074822621_1522142230062 is not a function
JavaScript error: https://sp0.baidu.com/5a1Fazu8AA54nxGko9WTAnF6hhy/su?wd=driver%20find%20element%20&json=1&p=3&sid=1463_19033_21096_22157&csor=20&pwd=driver%20find%20element%20w&cb=jQuery110205585929074822621_1522142230062&_=1522142230090, line 1: TypeError: jQuery110205585929074822621_1522142230062 is not a function
JavaScript error: https://sp0.baidu.com/5a1Fazu8AA54nxGko9WTAnF6hhy/su?wd=driver%20find%20element%20w&json=1&p=3&sid=1463_19033_21096_22157&csor=21&pwd=driver%20find%20element%20&cb=jQuery110205585929074822621_1522142230062&_=1522142230089, line 1: TypeError: jQuery110205585929074822621_1522142230062 is not a function
JavaScript error: https://sp0.baidu.com/5a1Fazu8AA54nxGko9WTAnF6hhy/su?wd=driver%20find%20element&json=1&p=3&sid=1463_19033_21096_22157&csor=19&pwd=driver%20find%20element%20&cb=jQuery110205585929074822621_1522142230062&_=1522142230091, line 1: TypeError: jQuery110205585929074822621_1522142230062 is not a function
JavaScript error: https://sp0.baidu.com/5a1Fazu8AA54nxGko9WTAnF6hhy/su?wd=driver%20find%20elementw&json=1&p=3&sid=1463_19033_21096_22157&csor=20&pwd=driver%20find%20element&cb=jQuery110205585929074822621_1522142230062&_=1522142230108, line 1: TypeError: jQuery110205585929074822621_1522142230062 is not a function
JavaScript error: https://sp0.baidu.com/5a1Fazu8AA54nxGko9WTAnF6hhy/su?wd=driver%20find%20elementw&json=1&p=3&sid=1463_19033_21096_22157&csor=20&pwd=driver%20find%20elementwe&cb=jQuery110205585929074822621_1522142230062&_=1522142230118, line 1: TypeError: jQuery110205585929074822621_1522142230062 is not a function
JavaScript error: https://sp0.baidu.com/5a1Fazu8AA54nxGko9WTAnF6hhy/su?wd=driver%20find%20elementw&json=1&p=3&sid=1463_19033_21096_22157&csor=20&pwd=driver%20find%20elementwa&cb=jQuery110205585929074822621_1522142230062&_=1522142230124, line 1: TypeError: jQuery110205585929074822621_1522142230062 is not a function
JavaScript warning: https://csdnimg.cn/public/common/libs/jquery/jquery-1.9.1.min.js, line 1: Using //@ to indicate sourceMappingURL pragmas is deprecated. Use //# instead
JavaScript warning: https://csdnimg.cn/rabbit/exposure-click/main-1.0.2.js, line 556: unreachable code after return statement
JavaScript warning: https://csdnimg.cn/rabbit/exposure-click/main-1.0.2.js, line 556: unreachable code after return statement
JavaScript error: https://cpro.baidustatic.com/cpro/ui/noexpire/js/4.0.0/adClosefeedbackUpgrade.min.js, line 1: TypeError: g is null
JavaScript error: https://cdn.sstatic.net/Js/stub.en.js?v=82ecb4a2614e, line 1: ReferenceError: $ is not defined
JavaScript error: https://stackoverflow.com/questions/4112180/webdriver-selenium-api-elementnotfounderrorexception-when-element-is-clearly-th, line 41: TypeError: StackExchange.ready is not a function
JavaScript error: https://cdn.sstatic.net/Js/stub.en.js?v=82ecb4a2614e, line 1: ReferenceError: $ is not defined
JavaScript error: https://stackoverflow.com/questions/4112180/webdriver-selenium-api-elementnotfounderrorexception-when-element-is-clearly-th, line 284: TypeError: StackExchange.ready is not a function
JavaScript error: https://stackoverflow.com/questions/4112180/webdriver-selenium-api-elementnotfounderrorexception-when-element-is-clearly-th, line 298: TypeError: StackExchange.ready is not a function
JavaScript error: https://stackoverflow.com/questions/4112180/webdriver-selenium-api-elementnotfounderrorexception-when-element-is-clearly-th, line 371: TypeError: StackExchange.ready is not a function
JavaScript error: https://stackoverflow.com/questions/4112180/webdriver-selenium-api-elementnotfounderrorexception-when-element-is-clearly-th, line 378: TypeError: StackExchange.ready is not a function
JavaScript error: https://stackoverflow.com/questions/4112180/webdriver-selenium-api-elementnotfounderrorexception-when-element-is-clearly-th, line 982: TypeError: StackExchange.ifUsing is not a function
JavaScript error: https://stackoverflow.com/questions/4112180/webdriver-selenium-api-elementnotfounderrorexception-when-element-is-clearly-th, line 993: TypeError: StackExchange.ready is not a function
JavaScript error: https://stackoverflow.com/questions/4112180/webdriver-selenium-api-elementnotfounderrorexception-when-element-is-clearly-th, line 1062: TypeError: StackExchange.ready is not a function
JavaScript error: https://stackoverflow.com/questions/4112180/webdriver-selenium-api-elementnotfounderrorexception-when-element-is-clearly-th, line 1103: TypeError: StackExchange.ready is not a function
JavaScript error: https://stackoverflow.com/questions/4112180/webdriver-selenium-api-elementnotfounderrorexception-when-element-is-clearly-th, line 1397: TypeError: StackExchange.ready is not a function
JavaScript error: https://stackoverflow.com/questions/4112180/webdriver-selenium-api-elementnotfounderrorexception-when-element-is-clearly-th, line 1622: TypeError: StackExchange.ready is not a function
JavaScript error: https://sp0.baidu.com/5a1Fazu8AA54nxGko9WTAnF6hhy/su?wd=selenium%20ide&json=1&p=3&sid=1463_19033_21096_22157&csor=12&pwd=selenium%20id&cb=jQuery110206276905085133848_1522142346166&_=1522142346173, line 1: TypeError: jQuery110206276905085133848_1522142346166 is not a function
JavaScript warning: https://csdnimg.cn/public/common/libs/jquery/jquery-1.9.1.min.js, line 1: Using //@ to indicate sourceMappingURL pragmas is deprecated. Use //# instead
JavaScript warning: https://csdnimg.cn/rabbit/exposure-click/main-1.0.5.js, line 556: unreachable code after return statement
JavaScript warning: https://csdnimg.cn/rabbit/exposure-click/main-1.0.5.js, line 556: unreachable code after return statement
JavaScript error: https://www.seleniumhq.org/tophatpromo.js, line 1: ReferenceError: $ is not defined
JavaScript error: https://www.seleniumhq.org/tophatpromo.js, line 1: ReferenceError: $ is not defined
1522142676844	geckodriver	INFO	geckodriver 0.20.0
1522142676847	geckodriver	INFO	Listening on 127.0.0.1:36383
1522142677854	mozrunner::runner	INFO	Running command: "/usr/bin/firefox" "-marionette" "-profile" "/tmp/rust_mozprofile.mmieFKRZpCAd"
1522142678548	Marionette	INFO	Enabled via --marionette
1522142680456	addons.xpi-utils	WARN	Failed to save XPI database: {"operation":"write","path":"/tmp/rust_mozprofile.mmieFKRZpCAd/extensions.json","unixErrno":28}
1522142680528	addons.xpi-utils	WARN	Failed to save XPI database: {"operation":"write","path":"/tmp/rust_mozprofile.mmieFKRZpCAd/extensions.json","unixErrno":28}
1522142680668	Marionette	INFO	Listening on port 45861
console.error: PushService: 
  stateChangeProcessEnqueue: Error transitioning state
  QuotaExceededError
1522142680780	Marionette	WARN	TLS certificate errors will be ignored for this session
console.error: 
  Could not write session state file 
  Message: Unix error 28 during operation makeDir on file /tmp/rust_mozprofile.mmieFKRZpCAd/sessionstore-backups (No space left on device)
  
ATTENTION: default value of option force_s3tc_enable overridden by environment.
JavaScript error: https://g.alicdn.com/??kissy/k/6.2.4/event-custom-min.js,kissy/k/6.2.4/event-base-min.js,kissy/k/6.2.4/io-min.js,kissy/k/6.2.4/io-extra-min.js,kissy/k/6.2.4/io-base-min.js,kissy/k/6.2.4/promise-min.js,kissy/k/6.2.4/dom-base-min.js,kissy/k/6.2.4/query-selector-base-min.js,kissy/k/6.2.4/dom-extra-min.js,kissy/k/6.2.4/io-form-min.js,kissy/k/6.2.4/node-min.js,kissy/k/6.2.4/node-base-min.js,kissy/k/6.2.4/node-event-min.js,kissy/k/6.2.4/event-dom-base-min.js,kissy/k/6.2.4/event-dom-extra-min.js,kissy/k/6.2.4/event-gesture-min.js,kissy/k/6.2.4/event-touch-min.js,kissy/k/6.2.4/node-anim-min.js,kissy/k/6.2.4/anim-transition-min.js,kissy/k/6.2.4/anim-base-min.js,kissy/k/6.2.4/cookie-min.js,kissy/k/6.2.4/event-min.js,kissy/k/6.2.4/base-min.js,kissy/k/6.2.4/attribute-min.js,kissy/k/6.2.4/json-base-min.js,kg/attr-anim/6.0.6/index-min.js,kg/xctrl/7.2.1/xctrl-kissy-min.js,sd/sufei/0.2.4/app/common/sufei-kissy.js,kg/offline/7.0.1/index-min.js,kg/session/0.0.1/index-min.js,kg/slide/6.0.8/index-min.js,kg/straw/1.0.2/index-min.js,kg/datalazyload/6.0.10/index-min.js,kg/route-map-http/0.0.3/*** UTM:SVC TimerManager:registerTimer called after profile-before-change notification. Ignoring timer registration for id: telemetry_modules_ping
console.error: 
  Could not write session state file 
  Message: Unix error 28 during operation write on file /tmp/rust_mozprofile.ojF0cKJ33bzd/sessionstore.jsonlz4.tmp (No space left on device)
  
1522142713720	geckodriver	INFO	geckodriver 0.20.0
1522142713723	geckodriver	INFO	Listening on 127.0.0.1:41965
1522142714728	mozrunner::runner	INFO	Running command: "/usr/bin/firefox" "-marionette" "-profile" "/tmp/rust_mozprofile.s85W3FbnPXTI"
1522142715436	Marionette	INFO	Enabled via --marionette
1522142717364	addons.xpi-utils	WARN	Failed to save XPI database: {"operation":"write","path":"/tmp/rust_mozprofile.s85W3FbnPXTI/extensions.json","unixErrno":28}
1522142717416	addons.xpi-utils	WARN	Failed to save XPI database: {"operation":"write","path":"/tmp/rust_mozprofile.s85W3FbnPXTI/extensions.json","unixErrno":28}
1522142717552	Marionette	INFO	Listening on port 41151
console.error: PushService: 
  stateChangeProcessEnqueue: Error transitioning state
  QuotaExceededError
1522142717664	Marionette	WARN	TLS certificate errors will be ignored for this session
console.error: 
  Could not write session state file 
  Message: Unix error 28 during operation makeDir on file /tmp/rust_mozprofile.s85W3FbnPXTI/sessionstore-backups (No space left on device)
  
ATTENTION: default value of option force_s3tc_enable overridden by environment.
JavaScript error: https://g.alicdn.com/??kissy/k/6.2.4/event-custom-min.js,kissy/k/6.2.4/event-base-min.js,kissy/k/6.2.4/io-min.js,kissy/k/6.2.4/io-extra-min.js,kissy/k/6.2.4/io-base-min.js,kissy/k/6.2.4/promise-min.js,kissy/k/6.2.4/dom-base-min.js,kissy/k/6.2.4/query-selector-base-min.js,kissy/k/6.2.4/dom-extra-min.js,kissy/k/6.2.4/io-form-min.js,kissy/k/6.2.4/node-min.js,kissy/k/6.2.4/node-base-min.js,kissy/k/6.2.4/node-event-min.js,kissy/k/6.2.4/event-dom-base-min.js,kissy/k/6.2.4/event-dom-extra-min.js,kissy/k/6.2.4/event-gesture-min.js,kissy/k/6.2.4/event-touch-min.js,kissy/k/6.2.4/node-anim-min.js,kissy/k/6.2.4/anim-transition-min.js,kissy/k/6.2.4/anim-base-min.js,kissy/k/6.2.4/cookie-min.js,kissy/k/6.2.4/event-min.js,kissy/k/6.2.4/base-min.js,kissy/k/6.2.4/attribute-min.js,kissy/k/6.2.4/json-base-min.js,kg/attr-anim/6.0.6/index-min.js,kg/xctrl/7.2.1/xctrl-kissy-min.js,sd/sufei/0.2.4/app/common/sufei-kissy.js,kg/offline/7.0.1/index-min.js,kg/session/0.0.1/index-min.js,kg/slide/6.0.8/index-min.js,kg/straw/1.0.2/index-min.js,kg/datalazyload/6.0.10/index-min.js,kg/route-map-http/0.0.3/index.js, line 6: NS_ERROR_FAILURE: 
JavaScript error: https://g.alicdn.com/alilog/??s/8.3.7/plugin/aplus_client.js,aplus_cplugin/0.3.12/toolkit.js,aplus_cplugin/0.3.12/monitor.js,s/8.3.7/aplus_std.js,aplus_cplugin/0.3.12/aol.js,s/8.3.7/plugin/aplus_spmact.js?v=20180327001021, line 5: NS_ERROR_FAILURE: 
console.error: 
  Could not write session state file 
  Message: Unix error 2 during operation open on file /tmp/rust_mozprofile.s85W3FbnPXTI/sessionstore-backups/recovery.jsonlz4.tmp (No such file or directory)
  
console.error: 
  Could not write session state file 
  Message: Unix error 2 during operation open on file /tmp/rust_mozprofile.s85W3FbnPXTI/sessionstore-backups/recovery.jsonlz4.tmp (No such file or directory)
  
console.error: 
  Could not write session state file 
  Message: Unix error 2 during operation open on file /tmp/rust_mozprofile.s85W3FbnPXTI/sessionstore-backups/recovery.jsonlz4.tmp (No such file or directory)
  
1522142796206	geckodriver	INFO	geckodriver 0.20.0
1522142796209	geckodriver	INFO	Listening on 127.0.0.1:37507
1522142811186	addons.xpi	WARN	Exception running bootstrap method shutdown on activity-stream@mozilla.org: [Exception... "Component returned failure code: 0x80004005 (NS_ERROR_FAILURE) [nsIObserverService.removeObserver]"  nsresult: "0x80004005 (NS_ERROR_FAILURE)"  location: "JS frame :: resource://activity-stream/lib/SnippetsFeed.jsm :: uninit :: line 125"  data: no] Stack trace: uninit()@resource://activity-stream/lib/SnippetsFeed.jsm:125 1522143045867	geckodriver	INFO	geckodriver 0.20.0
1522143045870	geckodriver	INFO	Listening on 127.0.0.1:44269
1522143046874	mozrunner::runner	INFO	Running command: "/usr/bin/firefox" "-marionette" "-profile" "/tmp/rust_mozprofile.2uZg6CWLMiyO"
1522143047626	Marionette	INFO	Enabled via --marionette
1522143049900	Marionette	INFO	Listening on port 41407
1522143050028	Marionette	WARN	TLS certificate errors will be ignored for this session
ATTENTION: default value of option force_s3tc_enable overridden by environment.
JavaScript error: https://headline.taobao.com/feed/homeFeed.do?_ksTS=1522143061652_129&callBack=jsonp130, line 2: ReferenceError: jsonp130 is not defined
JavaScript error: https://drc.alicdn.com/7/1947787_0____?callback=jsonp1947787_0____, line 1: ReferenceError: jsonp1947787_0____ is not defined
JavaScript error: https://g.alicdn.com/vip/login/0.5.64/js/login/nlogin.js?t=20151220, line 1: TypeError: b.cfg.elUserName.focus is not a function
JavaScript error: https://qrlogin.taobao.com/qrcodelogin/qrcodeLoginCheck.do?lgToken=cf905c2d31339ebfe983068c0e87e36e&defaulturl=https%3A%2F%2Fwww.taobao.com%2F&_ksTS=1522143109150_259&callback=jsonp260, line 1: ReferenceError: jsonp260 is not defined
1522143223291	geckodriver	INFO	geckodriver 0.20.0
1522143223295	geckodriver	INFO	Listening on 127.0.0.1:57663
1522143224297	mozrunner::runner	INFO	Running command: "/usr/bin/firefox" "-marionette" "-profile" "/tmp/rust_mozprofile.dualmFUlWenV"
1522143224948	Marionette	INFO	Enabled via --marionette
1522143227296	Marionette	INFO	Listening on port 35047
1522143227314	Marionette	WARN	TLS certificate errors will be ignored for this session
ATTENTION: default value of option force_s3tc_enable overridden by environment.
JavaScript error: https://headline.taobao.com/feed/homeFeed.do?_ksTS=1522143229398_129&callBack=jsonp130, line 2: ReferenceError: jsonp130 is not defined
JavaScript error: https://textlink.simba.taobao.com/?name=tbhs&cna&nn=&count=13&pid=430266_1006&_ksTS=1522143229350_71&callback=jsonp72, line 2: ReferenceError: jsonp72 is not defined
JavaScript error: https://ald.taobao.com/recommend2.htm?appId=20140506002%2C20140506001%2C201602246%2C07085%2C03014%2C201608180&_ksTS=1522143229380_91&callback=jsonp92, line 2: ReferenceError: jsonp92 is not defined
JavaScript error: https://g.alicdn.com/vip/login/0.5.64/js/login/nlogin.js?t=20151220, line 1: TypeError: b.cfg.elUserName.focus is not a function
[GFX1-]: Receive IPC close with reason=AbnormalShutdown
[Child 25338, Chrome_ChildThread] WARNING: pipe error: Broken pipe: file /build/firefox-CQifnS/firefox-59.0.1+build1/ipc/chromium/src/chrome/common/ipc_channel_posix.cc, line 709
[Child 25287, Chrome_ChildThread] WARNING: pipe error (3): Connection reset by peer: file /build/firefox-CQifnS/firefox-59.0.1+build1/ipc/chromium/src/chrome/common/ipc_channel_posix.cc, line 353
JavaScript error: resource:///modules/ContentWebRTC.jsm, line 254: TypeError: aContentWindow.pendingPeerConnectionRequests is undefined
1522143323505	geckodriver	INFO	geckodriver 0.20.0
1522143323508	geckodriver	INFO	Listening on 127.0.0.1:58267
1522143324514	mozrunner::runner	INFO	Running command: "/usr/bin/firefox" "-marionette" "-profile" "/tmp/rust_mozprofile.0ZditEufdFkm"
1522143325188	Marionette	INFO	Enabled via --marionette
1522143327480	Marionette	INFO	Listening on port 44131
1522143327526	Marionette	WARN	TLS certificate errors will be ignored for this session
ATTENTION: default value of option force_s3tc_enable overridden by environment.
JavaScript error: https://g.alicdn.com/vip/login/0.5.64/js/login/nlogin.js?t=20151220, line 1: TypeError: b.cfg.elUserName.focus is not a function
1522143412527	geckodriver	INFO	geckodriver 0.20.0
1522143412531	geckodriver	INFO	Listening on 127.0.0.1:47849
1522143413532	mozrunner::runner	INFO	Running command: "/usr/bin/firefox" "-marionette" "-profile" "/tmp/rust_mozprofile.1xBGQEIF7B0q"
1522143414190	Marionette	INFO	Enabled via --marionette
1522143416444	Marionette	INFO	Listening on port 34515
1522143416564	Marionette	WARN	TLS certificate errors will be ignored for this session
ATTENTION: default value of option force_s3tc_enable overridden by environment.
JavaScript error: https://g.alicdn.com/vip/login/0.5.64/js/login/nlogin.js?t=20151220, line 1: TypeError: b.cfg.elUserName.focus is not a function
1522143484303	geckodriver	INFO	geckodriver 0.20.0
1522143484306	geckodriver	INFO	Listening on 127.0.0.1:49203
1522143485307	mozrunner::runner	INFO	Running command: "/usr/bin/firefox" "-marionette" "-profile" "/tmp/rust_mozprofile.BrRHJb9D9bES"
1522143486030	Marionette	INFO	Enabled via --marionette
1522143487994	addons.xpi-utils	WARN	Failed to save XPI database: {"operation":"write","path":"/tmp/rust_mozprofile.BrRHJb9D9bES/extensions.json","unixErrno":28}
1522143488062	addons.xpi-utils	WARN	Failed to save XPI database: {"operation":"write","path":"/tmp/rust_mozprofile.BrRHJb9D9bES/extensions.json","unixErrno":28}
1522143488206	Marionette	INFO	Listening on port 38487
console.error: PushService: 
  stateChangeProcessEnqueue: Error transitioning state
  QuotaExceededError
1522143488216	Marionette	WARN	TLS certificate errors will be ignored for this session
console.error: 
  Could not write session state file 
  Message: Unix error 28 during operation makeDir on file /tmp/rust_mozprofile.BrRHJb9D9bES/sessionstore-backups (No space left on device)
  
ATTENTION: default value of option force_s3tc_enable overridden by environment.
JavaScript error: https://g.alicdn.com/??kissy/k/6.2.4/event-custom-min.js,kissy/k/6.2.4/event-base-min.js,kissy/k/6.2.4/io-min.js,kissy/k/6.2.4/io-extra-min.js,kissy/k/6.2.4/io-base-min.js,kissy/k/6.2.4/promise-min.js,kissy/k/6.2.4/dom-base-min.js,kissy/k/6.2.4/query-selector-base-min.js,kissy/k/6.2.4/dom-extra-min.js,kissy/k/6.2.4/io-form-min.js,kissy/k/6.2.4/node-min.js,kissy/k/6.2.4/node-base-min.js,kissy/k/6.2.4/node-event-min.js,kissy/k/6.2.4/event-dom-base-min.js,kissy/k/6.2.4/event-dom-extra-min.js,kissy/k/6.2.4/event-gesture-min.js,kissy/k/6.2.4/event-touch-min.js,kissy/k/6.2.4/node-anim-min.js,kissy/k/6.2.4/anim-transition-min.js,kissy/k/6.2.4/anim-base-min.js,kissy/k/6.2.4/cookie-min.js,kissy/k/6.2.4/event-min.js,kissy/k/6.2.4/base-min.js,kissy/k/6.2.4/attribute-min.js,kissy/k/6.2.4/json-base-min.js,kg/attr-anim/6.0.6/index-min.js,kg/xctrl/7.2.1/xctrl-kissy-min.js,sd/sufei/0.2.4/app/common/sufei-kissy.js,kg/offline/7.0.1/index-min.js,kg/session/0.0.1/index-min.js,kg/slide/6.0.8/index-min.js,kg/straw/1.0.2/index-min.js,kg/datalazyload/6.0.10/index-min.js,kg/route-map-http/0.0.3/index.js, line 6: NS_ERROR_FAILURE: 
JavaScript error: https://g.alicdn.com/alilog/??s/8.3.7/plugin/aplus_client.js,aplus_cplugin/0.3.12/toolkit.js,aplus_cplugin/0.3.12/monitor.js,s/8.3.7/aplus_std.js,aplus_cplugin/0.3.12/aol.js,s/8.3.7/plugin/aplus_spmact.js?v=20180327001021, line 5: NS_ERROR_FAILURE: 
JavaScript error: https://g.alicdn.com/vip/login/0.5.64/js/login/nlogin.js?t=20151220, line 1: TypeError: b.cfg.elUserName.focus is not a function
JavaScript error: resource://gre/modules/FormHistory.jsm, line 490: NS_ERROR_FILE_NO_DEVICE_SPACE: Component returned failure code: 0x80520010 (NS_ERROR_FILE_NO_DEVICE_SPACE) [mozIStorageConnection.createTable]
console.error: 
  Could not write session state file 
  Message: Unix error 2 during operation open on file /tmp/rust_mozprofile.BrRHJb9D9bES/sessionstore-backups/recovery.jsonlz4.tmp (No such file or directory)
  
1522143551288	geckodriver	INFO	geckodriver 0.20.0
1522143551291	geckodriver	INFO	Listening on 127.0.0.1:53375
1522143552294	mozrunner::runner	INFO	Running command: "/usr/bin/firefox" "-marionette" "-profile" "/tmp/rust_mozprofile.Yz6wZuwgDkqr"
1522143552988	Marionette	INFO	Enabled via --marionette
1522143555238	Marionette	INFO	Listening on port 41201
1522143555302	Marionette	WARN	TLS certificate errors will be ignored for this session
console.error: 
  Message: Error: Error(s) encountered during statement execution: database or disk is full
  Stack:
    handleCompletion@resource://gre/modules/Sqlite.jsm:810:25

console.error: 
  Message: Error: Error(s) encountered during statement execution: database or disk is full
  Sta1522155503296	addons.xpi-utils	WARN	Error: XPI database modified after shutdown began (resource://gre/modules/addons/XPIProvider.jsm -> resource://gre/modules/addons/XPIProviderUtils.js:332:17) JS Stack trace: saveChanges@XPIProviderUtils.js:332:17 < shutdown@XPIProviderUtils.js:658:9 < shutdown@XPIProvider.jsm:2386:11 < _startProvider/AMProviderShutdown/<@AddonManager.jsm:755:21 < AMProviderShutdown@AddonManager.jsm:753:16 < trigger@AsyncShutdown.jsm:704:23 < _wait@AsyncShutdown.jsm:851:7 < wait@AsyncShutdown.jsm:835:28 < shutdownManager@AddonManager.jsm:1130:15 < trigger@AsyncShutdown.jsm:704:23 < _wait@AsyncShutdown.jsm:851:7 < wait@AsyncShutdown.jsm:835:28 < observe@AsyncShutdown.jsm:518:17
JavaScript warning: https://csdnimg.cn/public/common/libs/jquery/jquery-1.9.1.min.js, line 1: Using //@ to indicate sourceMappingURL pragmas is deprecated. Use //# instead
JavaScript warning: https://csdnimg.cn/rabbit/exposure-click/main-1.0.5.js, line 556: unreachable code after return statement
JavaScript warning: https://csdnimg.cn/rabbit/exposure-click/main-1.0.5.js, line 556: unreachable code after return statement
JavaScript warning: https://csdnimg.cn/public/common/libs/jquery/jquery-1.9.1.min.js, line 1: Using //@ to indicate sourceMappingURL pragmas is deprecated. Use //# instead
JavaScript warning: https://csdnimg.cn/rabbit/exposure-click/main-1.0.2.js, line 556: unreachable code after return statement
JavaScript warning: https://csdnimg.cn/rabbit/exposure-click/main-1.0.2.js, line 556: unreachable code after return statement
JavaScript warning: https://csdnimg.cn/rabbit/exposure-click/main-1.0.2.js, line 556: unreachable code after return statement
JavaScript warning: https://csdnimg.cn/rabbit/exposure-click/main-1.0.2.js, line 556: unreachable code after return statement
console.error: 
  Could not write session state file 
  Message: Unix error 28 during operation write on file /tmp/rust_mozprofile.a2RAXyQT3v16/sessionstore-backups/recovery.jsonlz4.tmp (No space left on device)
  
JavaScript error: http://bdimg.share.baidu.com/static/api/js/trans/logger.js?v=60603cb3.js, line 1: TypeError: n.ajax.request is not a function
console.error: 
  Could not write session state file 
  Message: Unix error 28 during operation write on file /tmp/rust_mozprofile.a2RAXyQT3v16/sessionstore-backups/recovery.jsonlz4.tmp (No space left on device)
  
JavaScript error: resource://gre/modules/DownloadCore.jsm, line 2008: NS_ERROR_FAILURE: Component returned failure code: 0x80004005 (NS_ERROR_FAILURE) [nsIUTF8StringEnumerator.getNext]
JavaScript error: resource://gre/modules/DownloadCore.jsm, line 2008: NS_ERROR_FAILURE: Component returned failure code: 0x80004005 (NS_ERROR_FAILURE) [nsIUTF8StringEnumerator.getNext]
JavaScript error: resource://gre/modules/DownloadCore.jsm, line 2008: NS_ERROR_FAILURE: Component returned failure code: 0x80004005 (NS_ERROR_FAILURE) [nsIUTF8StringEnumerator.getNext]
JavaScript error: resource://gre/modules/DownloadCore.jsm, line 1982: NS_ERROR_NOT_AVAILABLE: Component returned failure code: 0x80040111 (NS_ERROR_NOT_AVAILABLE) [nsIHttpChannel.responseStatus]
JavaScript error: resource://gre/modules/DownloadCore.jsm, line 2008: NS_ERROR_FAILURE: Component returned failure code: 0x80004005 (NS_ERROR_FAILURE) [nsIUTF8StringEnumerator.getNext]
JavaScript error: resource://gre/modules/DownloadCore.jsm, line 2008: NS_ERROR_FAILURE: Component returned failure code: 0x80004005 (NS_ERROR_FAILURE) [nsIUTF8StringEnumerator.getNext]
JavaScript error: resource://gre/modules/DownloadCore.jsm, line 2008: NS_ERROR_FAILURE: Component returned failure code: 0x80004005 (NS_ERROR_FAILURE) [nsIUTF8StringEnumerator.getNext]
